S3 TRANSFER SUMMARY REPORT
=====================================

TRANSFER DETAILS:
- Start Time: 2025-08-04 03:56:09
- End Time: 2025-08-04 03:56:12
- Duration: 2.680744334s
- Source Bucket: suryaloan-documents
- Destination Bucket: test-suryaloan1

FILE STATISTICS:
- Total Files Found: 676
- Successfully Transferred: 676
- Failed Transfers: 0
- Success Rate: 100.00%

PERFORMANCE METRICS:
- Total Data Transferred: 0.00 MB (0.00 GB)
- Average Speed: 252.17 files/second
- Data Transfer Rate: 0.00 MB/second

TRANSFER METHODS:
- server-side: 676 files (100.0%)

SYSTEM INFORMATION:
- Worker Threads: 150
- Storage Method: Zero local storage (direct S3-to-S3 transfer)
- Timestamp: 2025-08-04 03:56:12 IST

=====================================
Report generated by S3 Transfer Tool
